This file contains any messages produced by compilers while
running configure, to aid debugging if configure makes a mistake.

It was created by terastructure configure 0.1, which was
generated by GNU Autoconf 2.63.  Invocation command line was

  $ ./configure 

## --------- ##
## Platform. ##
## --------- ##

hostname = hex.princeton.edu
uname -m = x86_64
uname -r = 2.6.32-431.29.2.el6.x86_64
uname -s = Linux
uname -v = #1 SMP Tue Sep 9 18:45:54 EDT 2014

/usr/bin/uname -p = unknown
/bin/uname -X     = unknown

/bin/arch              = x86_64
/usr/bin/arch -k       = unknown
/usr/convex/getsysinfo = unknown
/usr/bin/hostinfo      = unknown
/bin/machine           = unknown
/usr/bin/oslevel       = unknown
/bin/universe          = unknown

PATH: /usr/lib64/qt-3.3/bin
PATH: /usr/local/bin
PATH: /bin
PATH: /usr/bin
PATH: /usr/local/sbin
PATH: /usr/sbin
PATH: /sbin
PATH: /opt/dell/srvadmin/bin
PATH: /home/whao/bin


## ----------- ##
## Core tests. ##
## ----------- ##

configure:1889: checking for a BSD-compatible install
configure:1957: result: /usr/bin/install -c
configure:1968: checking whether build environment is sane
configure:2028: result: yes
configure:2169: checking for a thread-safe mkdir -p
configure:2208: result: /bin/mkdir -p
configure:2221: checking for gawk
configure:2237: found /bin/gawk
configure:2248: result: gawk
configure:2259: checking whether make sets $(MAKE)
configure:2281: result: yes
configure:2425: checking for g++
configure:2441: found /usr/bin/g++
configure:2452: result: g++
configure:2479: checking for C++ compiler version
configure:2487: g++ --version >&5
g++ (GCC) 4.4.7 20120313 (Red Hat 4.4.7-4)
Copyright (C) 2010 Free Software Foundation, Inc.
This is free software; see the source for copying conditions.  There is NO
warranty; not even for MERCHANTABILITY or FITNESS FOR A PARTICULAR PURPOSE.

configure:2491: $? = 0
configure:2498: g++ -v >&5
Using built-in specs.
Target: x86_64-redhat-linux
Configured with: ../configure --prefix=/usr --mandir=/usr/share/man --infodir=/usr/share/info --with-bugurl=http://bugzilla.redhat.com/bugzilla --enable-bootstrap --enable-shared --enable-threads=posix --enable-checking=release --with-system-zlib --enable-__cxa_atexit --disable-libunwind-exceptions --enable-gnu-unique-object --enable-languages=c,c++,objc,obj-c++,java,fortran,ada --enable-java-awt=gtk --disable-dssi --with-java-home=/usr/lib/jvm/java-1.5.0-gcj-1.5.0.0/jre --enable-libgcj-multifile --enable-java-maintainer-mode --with-ecj-jar=/usr/share/java/eclipse-ecj.jar --disable-libjava-multilib --with-ppl --with-cloog --with-tune=generic --with-arch_32=i686 --build=x86_64-redhat-linux
Thread model: posix
gcc version 4.4.7 20120313 (Red Hat 4.4.7-4) (GCC) 
configure:2502: $? = 0
configure:2509: g++ -V >&5
g++: '-V' option must have argument
configure:2513: $? = 1
configure:2536: checking for C++ compiler default output file name
configure:2558: g++ -O3   conftest.cpp  >&5
configure:2562: $? = 0
configure:2600: result: a.out
configure:2619: checking whether the C++ compiler works
configure:2629: ./a.out
configure:2633: $? = 0
configure:2652: result: yes
configure:2659: checking whether we are cross compiling
configure:2661: result: no
configure:2664: checking for suffix of executables
configure:2671: g++ -o conftest -O3   conftest.cpp  >&5
configure:2675: $? = 0
configure:2701: result: 
configure:2707: checking for suffix of object files
configure:2733: g++ -c -O3  conftest.cpp >&5
configure:2737: $? = 0
configure:2762: result: o
configure:2766: checking whether we are using the GNU C++ compiler
configure:2795: g++ -c -O3  conftest.cpp >&5
configure:2802: $? = 0
configure:2819: result: yes
configure:2828: checking whether g++ accepts -g
configure:2858: g++ -c -g  conftest.cpp >&5
configure:2865: $? = 0
configure:2966: result: yes
configure:3000: checking for style of include used by make
configure:3028: result: GNU
configure:3053: checking dependency style of g++
configure:3163: result: gcc3
configure:3226: checking for gcc
configure:3242: found /usr/bin/gcc
configure:3253: result: gcc
configure:3485: checking for C compiler version
configure:3493: gcc --version >&5
gcc (GCC) 4.4.7 20120313 (Red Hat 4.4.7-4)
Copyright (C) 2010 Free Software Foundation, Inc.
This is free software; see the source for copying conditions.  There is NO
warranty; not even for MERCHANTABILITY or FITNESS FOR A PARTICULAR PURPOSE.

configure:3497: $? = 0
configure:3504: gcc -v >&5
Using built-in specs.
Target: x86_64-redhat-linux
Configured with: ../configure --prefix=/usr --mandir=/usr/share/man --infodir=/usr/share/info --with-bugurl=http://bugzilla.redhat.com/bugzilla --enable-bootstrap --enable-shared --enable-threads=posix --enable-checking=release --with-system-zlib --enable-__cxa_atexit --disable-libunwind-exceptions --enable-gnu-unique-object --enable-languages=c,c++,objc,obj-c++,java,fortran,ada --enable-java-awt=gtk --disable-dssi --with-java-home=/usr/lib/jvm/java-1.5.0-gcj-1.5.0.0/jre --enable-libgcj-multifile --enable-java-maintainer-mode --with-ecj-jar=/usr/share/java/eclipse-ecj.jar --disable-libjava-multilib --with-ppl --with-cloog --with-tune=generic --with-arch_32=i686 --build=x86_64-redhat-linux
Thread model: posix
gcc version 4.4.7 20120313 (Red Hat 4.4.7-4) (GCC) 
configure:3508: $? = 0
configure:3515: gcc -V >&5
gcc: '-V' option must have argument
configure:3519: $? = 1
configure:3522: checking whether we are using the GNU C compiler
configure:3551: gcc -c -O3  conftest.c >&5
configure:3558: $? = 0
configure:3575: result: yes
configure:3584: checking whether gcc accepts -g
configure:3614: gcc -c -g  conftest.c >&5
configure:3621: $? = 0
configure:3722: result: yes
configure:3739: checking for gcc option to accept ISO C89
configure:3813: gcc  -c -O3  conftest.c >&5
configure:3820: $? = 0
configure:3843: result: none needed
configure:3863: checking dependency style of gcc
configure:3973: result: gcc3
configure:3992: checking for cblas_sdot in -lgslcblas
configure:4027: gcc -o conftest -O3   conftest.c -lgslcblas   >&5
configure:4034: $? = 0
configure:4055: result: yes
configure:4071: checking for pthread_self in -lpthread
configure:4106: gcc -o conftest -O3   conftest.c -lpthread  -lgslcblas  >&5
configure:4113: $? = 0
configure:4134: result: yes
configure:4150: checking for gsl_sf_lngamma in -lgsl
configure:4185: gcc -o conftest -O3   conftest.c -lgsl  -lpthread -lgslcblas  >&5
configure:4192: $? = 0
configure:4213: result: yes
configure:4235: checking how to run the C preprocessor
configure:4275: gcc -E  conftest.c
configure:4282: $? = 0
configure:4313: gcc -E  conftest.c
conftest.c:13:28: error: ac_nonexistent.h: No such file or directory
configure:4320: $? = 1
configure: failed program was:
| /* confdefs.h.  */
| #define PACKAGE_NAME "terastructure"
| #define PACKAGE_TARNAME "terastructure"
| #define PACKAGE_VERSION "0.1"
| #define PACKAGE_STRING "terastructure 0.1"
| #define PACKAGE_BUGREPORT "pgopalan@cs.princeton.edu"
| #define PACKAGE "terastructure"
| #define VERSION "0.1"
| #define HAVE_LIBGSLCBLAS 1
| #define HAVE_LIBPTHREAD 1
| #define HAVE_LIBGSL 1
| /* end confdefs.h.  */
| #include <ac_nonexistent.h>
configure:4353: result: gcc -E
configure:4382: gcc -E  conftest.c
configure:4389: $? = 0
configure:4420: gcc -E  conftest.c
conftest.c:13:28: error: ac_nonexistent.h: No such file or directory
configure:4427: $? = 1
configure: failed program was:
| /* confdefs.h.  */
| #define PACKAGE_NAME "terastructure"
| #define PACKAGE_TARNAME "terastructure"
| #define PACKAGE_VERSION "0.1"
| #define PACKAGE_STRING "terastructure 0.1"
| #define PACKAGE_BUGREPORT "pgopalan@cs.princeton.edu"
| #define PACKAGE "terastructure"
| #define VERSION "0.1"
| #define HAVE_LIBGSLCBLAS 1
| #define HAVE_LIBPTHREAD 1
| #define HAVE_LIBGSL 1
| /* end confdefs.h.  */
| #include <ac_nonexistent.h>
configure:4467: checking for grep that handles long lines and -e
configure:4527: result: /bin/grep
configure:4532: checking for egrep
configure:4596: result: /bin/grep -E
configure:4601: checking for ANSI C header files
configure:4631: gcc -c -O3  conftest.c >&5
configure:4638: $? = 0
configure:4737: gcc -o conftest -O3   conftest.c -lgsl -lpthread -lgslcblas  >&5
configure:4741: $? = 0
configure:4747: ./conftest
configure:4751: $? = 0
configure:4769: result: yes
configure:4793: checking for sys/types.h
configure:4814: gcc -c -O3  conftest.c >&5
configure:4821: $? = 0
configure:4838: result: yes
configure:4793: checking for sys/stat.h
configure:4814: gcc -c -O3  conftest.c >&5
configure:4821: $? = 0
configure:4838: result: yes
configure:4793: checking for stdlib.h
configure:4814: gcc -c -O3  conftest.c >&5
configure:4821: $? = 0
configure:4838: result: yes
configure:4793: checking for string.h
configure:4814: gcc -c -O3  conftest.c >&5
configure:4821: $? = 0
configure:4838: result: yes
configure:4793: checking for memory.h
configure:4814: gcc -c -O3  conftest.c >&5
configure:4821: $? = 0
configure:4838: result: yes
configure:4793: checking for strings.h
configure:4814: gcc -c -O3  conftest.c >&5
configure:4821: $? = 0
configure:4838: result: yes
configure:4793: checking for inttypes.h
configure:4814: gcc -c -O3  conftest.c >&5
configure:4821: $? = 0
configure:4838: result: yes
configure:4793: checking for stdint.h
configure:4814: gcc -c -O3  conftest.c >&5
configure:4821: $? = 0
configure:4838: result: yes
configure:4793: checking for unistd.h
configure:4814: gcc -c -O3  conftest.c >&5
configure:4821: $? = 0
configure:4838: result: yes
configure:4862: checking for stdint.h
configure:4869: result: yes
configure:4862: checking for stdlib.h
configure:4869: result: yes
configure:4862: checking for string.h
configure:4869: result: yes
configure:4873: checking sys/file.h usability
configure:4890: gcc -c -O3  conftest.c >&5
configure:4897: $? = 0
configure:4911: result: yes
configure:4915: checking sys/file.h presence
configure:4930: gcc -E  conftest.c
configure:4937: $? = 0
configure:4951: result: yes
configure:4984: checking for sys/file.h
configure:4993: result: yes
configure:4873: checking sys/time.h usability
configure:4890: gcc -c -O3  conftest.c >&5
configure:4897: $? = 0
configure:4911: result: yes
configure:4915: checking sys/time.h presence
configure:4930: gcc -E  conftest.c
configure:4937: $? = 0
configure:4951: result: yes
configure:4984: checking for sys/time.h
configure:4993: result: yes
configure:4862: checking for unistd.h
configure:4869: result: yes
configure:5010: checking for stdbool.h that conforms to C99
configure:5105: gcc -c -O3  conftest.c >&5
configure:5112: $? = 0
configure:5127: result: yes
configure:5129: checking for _Bool
configure:5157: gcc -c -O3  conftest.c >&5
configure:5164: $? = 0
configure:5191: gcc -c -O3  conftest.c >&5
conftest.c: In function 'main':
conftest.c:65: error: expected expression before ')' token
configure:5198: $? = 1
configure: failed program was:
| /* confdefs.h.  */
| #define PACKAGE_NAME "terastructure"
| #define PACKAGE_TARNAME "terastructure"
| #define PACKAGE_VERSION "0.1"
| #define PACKAGE_STRING "terastructure 0.1"
| #define PACKAGE_BUGREPORT "pgopalan@cs.princeton.edu"
| #define PACKAGE "terastructure"
| #define VERSION "0.1"
| #define HAVE_LIBGSLCBLAS 1
| #define HAVE_LIBPTHREAD 1
| #define HAVE_LIBGSL 1
| #define STDC_HEADERS 1
| #define HAVE_SYS_TYPES_H 1
| #define HAVE_SYS_STAT_H 1
| #define HAVE_STDLIB_H 1
| #define HAVE_STRING_H 1
| #define HAVE_MEMORY_H 1
| #define HAVE_STRINGS_H 1
| #define HAVE_INTTYPES_H 1
| #define HAVE_STDINT_H 1
| #define HAVE_UNISTD_H 1
| #define HAVE_STDINT_H 1
| #define HAVE_STDLIB_H 1
| #define HAVE_STRING_H 1
| #define HAVE_SYS_FILE_H 1
| #define HAVE_SYS_TIME_H 1
| #define HAVE_UNISTD_H 1
| /* end confdefs.h.  */
| #include <stdio.h>
| #ifdef HAVE_SYS_TYPES_H
| # include <sys/types.h>
| #endif
| #ifdef HAVE_SYS_STAT_H
| # include <sys/stat.h>
| #endif
| #ifdef STDC_HEADERS
| # include <stdlib.h>
| # include <stddef.h>
| #else
| # ifdef HAVE_STDLIB_H
| #  include <stdlib.h>
| # endif
| #endif
| #ifdef HAVE_STRING_H
| # if !defined STDC_HEADERS && defined HAVE_MEMORY_H
| #  include <memory.h>
| # endif
| # include <string.h>
| #endif
| #ifdef HAVE_STRINGS_H
| # include <strings.h>
| #endif
| #ifdef HAVE_INTTYPES_H
| # include <inttypes.h>
| #endif
| #ifdef HAVE_STDINT_H
| # include <stdint.h>
| #endif
| #ifdef HAVE_UNISTD_H
| # include <unistd.h>
| #endif
| int
| main ()
| {
| if (sizeof ((_Bool)))
| 	  return 0;
|   ;
|   return 0;
| }
configure:5221: result: yes
configure:5240: checking for inline
configure:5266: gcc -c -O3  conftest.c >&5
configure:5273: $? = 0
configure:5291: result: inline
configure:5311: checking for uint16_t
configure:5342: gcc -c -O3  conftest.c >&5
configure:5349: $? = 0
configure:5370: result: yes
configure:5384: checking for uint32_t
configure:5415: gcc -c -O3  conftest.c >&5
configure:5422: $? = 0
configure:5443: result: yes
configure:5461: checking for uint64_t
configure:5492: gcc -c -O3  conftest.c >&5
configure:5499: $? = 0
configure:5520: result: yes
configure:5538: checking for uint8_t
configure:5569: gcc -c -O3  conftest.c >&5
configure:5576: $? = 0
configure:5597: result: yes
configure:5621: checking for stdlib.h
configure:5628: result: yes
configure:5767: checking for GNU libc compatible malloc
configure:5801: gcc -o conftest -O3   conftest.c -lgsl -lpthread -lgslcblas  >&5
configure:5805: $? = 0
configure:5811: ./conftest
configure:5815: $? = 0
configure:5832: result: yes
configure:5860: checking for working strtod
configure:5911: gcc -o conftest -O3   conftest.c -lgsl -lpthread -lgslcblas  >&5
configure:5915: $? = 0
configure:5921: ./conftest
configure:5925: $? = 0
configure:5942: result: yes
configure:6125: checking for gettimeofday
configure:6181: gcc -o conftest -O3   conftest.c -lgsl -lpthread -lgslcblas  >&5
configure:6188: $? = 0
configure:6210: result: yes
configure:6125: checking for localtime_r
configure:6181: gcc -o conftest -O3   conftest.c -lgsl -lpthread -lgslcblas  >&5
configure:6188: $? = 0
configure:6210: result: yes
configure:6125: checking for memset
configure:6181: gcc -o conftest -O3   conftest.c -lgsl -lpthread -lgslcblas  >&5
conftest.c:58: warning: conflicting types for built-in function 'memset'
configure:6188: $? = 0
configure:6210: result: yes
configure:6125: checking for mkdir
configure:6181: gcc -o conftest -O3   conftest.c -lgsl -lpthread -lgslcblas  >&5
configure:6188: $? = 0
configure:6210: result: yes
configure:6125: checking for pow
configure:6181: gcc -o conftest -O3   conftest.c -lgsl -lpthread -lgslcblas  >&5
conftest.c:60: warning: conflicting types for built-in function 'pow'
configure:6188: $? = 0
configure:6210: result: yes
configure:6125: checking for sqrt
configure:6181: gcc -o conftest -O3   conftest.c -lgsl -lpthread -lgslcblas  >&5
conftest.c:61: warning: conflicting types for built-in function 'sqrt'
configure:6188: $? = 0
configure:6210: result: yes
configure:6125: checking for strerror
configure:6181: gcc -o conftest -O3   conftest.c -lgsl -lpthread -lgslcblas  >&5
configure:6188: $? = 0
configure:6210: result: yes
configure:6125: checking for strtol
configure:6181: gcc -o conftest -O3   conftest.c -lgsl -lpthread -lgslcblas  >&5
configure:6188: $? = 0
configure:6210: result: yes
configure:6392: creating ./config.status

## ---------------------- ##
## Running config.status. ##
## ---------------------- ##

This file was extended by terastructure config.status 0.1, which was
generated by GNU Autoconf 2.63.  Invocation command line was

  CONFIG_FILES    = 
  CONFIG_HEADERS  = 
  CONFIG_LINKS    = 
  CONFIG_COMMANDS = 
  $ ./config.status 

on hex.princeton.edu

config.status:706: creating Makefile
config.status:706: creating src/Makefile
config.status:917: executing depfiles commands

## ---------------- ##
## Cache variables. ##
## ---------------- ##

ac_cv_c_compiler_gnu=yes
ac_cv_c_inline=inline
ac_cv_c_uint16_t=yes
ac_cv_c_uint32_t=yes
ac_cv_c_uint64_t=yes
ac_cv_c_uint8_t=yes
ac_cv_cxx_compiler_gnu=yes
ac_cv_env_CCC_set=
ac_cv_env_CCC_value=
ac_cv_env_CC_set=
ac_cv_env_CC_value=
ac_cv_env_CFLAGS_set=
ac_cv_env_CFLAGS_value=
ac_cv_env_CPPFLAGS_set=
ac_cv_env_CPPFLAGS_value=
ac_cv_env_CPP_set=
ac_cv_env_CPP_value=
ac_cv_env_CXXFLAGS_set=
ac_cv_env_CXXFLAGS_value=
ac_cv_env_CXX_set=
ac_cv_env_CXX_value=
ac_cv_env_LDFLAGS_set=
ac_cv_env_LDFLAGS_value=
ac_cv_env_LIBS_set=
ac_cv_env_LIBS_value=
ac_cv_env_build_alias_set=
ac_cv_env_build_alias_value=
ac_cv_env_host_alias_set=
ac_cv_env_host_alias_value=
ac_cv_env_target_alias_set=
ac_cv_env_target_alias_value=
ac_cv_func_gettimeofday=yes
ac_cv_func_localtime_r=yes
ac_cv_func_malloc_0_nonnull=yes
ac_cv_func_memset=yes
ac_cv_func_mkdir=yes
ac_cv_func_pow=yes
ac_cv_func_sqrt=yes
ac_cv_func_strerror=yes
ac_cv_func_strtod=yes
ac_cv_func_strtol=yes
ac_cv_header_inttypes_h=yes
ac_cv_header_memory_h=yes
ac_cv_header_stdbool_h=yes
ac_cv_header_stdc=yes
ac_cv_header_stdint_h=yes
ac_cv_header_stdlib_h=yes
ac_cv_header_string_h=yes
ac_cv_header_strings_h=yes
ac_cv_header_sys_file_h=yes
ac_cv_header_sys_stat_h=yes
ac_cv_header_sys_time_h=yes
ac_cv_header_sys_types_h=yes
ac_cv_header_unistd_h=yes
ac_cv_lib_gsl_gsl_sf_lngamma=yes
ac_cv_lib_gslcblas_cblas_sdot=yes
ac_cv_lib_pthread_pthread_self=yes
ac_cv_objext=o
ac_cv_path_EGREP='/bin/grep -E'
ac_cv_path_GREP=/bin/grep
ac_cv_path_install='/usr/bin/install -c'
ac_cv_path_mkdir=/bin/mkdir
ac_cv_prog_AWK=gawk
ac_cv_prog_CPP='gcc -E'
ac_cv_prog_ac_ct_CC=gcc
ac_cv_prog_ac_ct_CXX=g++
ac_cv_prog_cc_c89=
ac_cv_prog_cc_g=yes
ac_cv_prog_cxx_g=yes
ac_cv_prog_make_make_set=yes
ac_cv_type__Bool=yes
am_cv_CC_dependencies_compiler_type=gcc3
am_cv_CXX_dependencies_compiler_type=gcc3

## ----------------- ##
## Output variables. ##
## ----------------- ##

ACLOCAL='${SHELL} /home/whao/git/terastructure/missing --run aclocal-1.11'
AMDEPBACKSLASH='\'
AMDEP_FALSE='#'
AMDEP_TRUE=''
AMTAR='${SHELL} /home/whao/git/terastructure/missing --run tar'
AUTOCONF='${SHELL} /home/whao/git/terastructure/missing --run autoconf'
AUTOHEADER='${SHELL} /home/whao/git/terastructure/missing --run autoheader'
AUTOMAKE='${SHELL} /home/whao/git/terastructure/missing --run automake-1.11'
AWK='gawk'
CC='gcc'
CCDEPMODE='depmode=gcc3'
CFLAGS='-O3'
CPP='gcc -E'
CPPFLAGS=''
CXX='g++'
CXXDEPMODE='depmode=gcc3'
CXXFLAGS='-O3'
CYGPATH_W='echo'
DEBUG_FALSE=''
DEBUG_TRUE='#'
DEFS='-DPACKAGE_NAME=\"terastructure\" -DPACKAGE_TARNAME=\"terastructure\" -DPACKAGE_VERSION=\"0.1\" -DPACKAGE_STRING=\"terastructure\ 0.1\" -DPACKAGE_BUGREPORT=\"pgopalan@cs.princeton.edu\" -DPACKAGE=\"terastructure\" -DVERSION=\"0.1\" -DHAVE_LIBGSLCBLAS=1 -DHAVE_LIBPTHREAD=1 -DHAVE_LIBGSL=1 -DSTDC_HEADERS=1 -DHAVE_SYS_TYPES_H=1 -DHAVE_SYS_STAT_H=1 -DHAVE_STDLIB_H=1 -DHAVE_STRING_H=1 -DHAVE_MEMORY_H=1 -DHAVE_STRINGS_H=1 -DHAVE_INTTYPES_H=1 -DHAVE_STDINT_H=1 -DHAVE_UNISTD_H=1 -DHAVE_STDINT_H=1 -DHAVE_STDLIB_H=1 -DHAVE_STRING_H=1 -DHAVE_SYS_FILE_H=1 -DHAVE_SYS_TIME_H=1 -DHAVE_UNISTD_H=1 -DHAVE__BOOL=1 -DHAVE_STDBOOL_H=1 -DHAVE_STDLIB_H=1 -DHAVE_MALLOC=1 -DHAVE_GETTIMEOFDAY=1 -DHAVE_LOCALTIME_R=1 -DHAVE_MEMSET=1 -DHAVE_MKDIR=1 -DHAVE_POW=1 -DHAVE_SQRT=1 -DHAVE_STRERROR=1 -DHAVE_STRTOL=1'
DEPDIR='.deps'
ECHO_C=''
ECHO_N='-n'
ECHO_T=''
EGREP='/bin/grep -E'
EXEEXT=''
GREP='/bin/grep'
INSTALL_DATA='${INSTALL} -m 644'
INSTALL_PROGRAM='${INSTALL}'
INSTALL_SCRIPT='${INSTALL}'
INSTALL_STRIP_PROGRAM='$(install_sh) -c -s'
LDFLAGS=''
LIBOBJS=''
LIBS='-lgsl -lpthread -lgslcblas '
LTLIBOBJS=''
MAKEINFO='${SHELL} /home/whao/git/terastructure/missing --run makeinfo'
MKDIR_P='/bin/mkdir -p'
OBJEXT='o'
PACKAGE='terastructure'
PACKAGE_BUGREPORT='pgopalan@cs.princeton.edu'
PACKAGE_NAME='terastructure'
PACKAGE_STRING='terastructure 0.1'
PACKAGE_TARNAME='terastructure'
PACKAGE_VERSION='0.1'
PATH_SEPARATOR=':'
POW_LIB=''
SET_MAKE=''
SHELL='/bin/sh'
STRIP=''
VERSION='0.1'
ac_ct_CC='gcc'
ac_ct_CXX='g++'
am__EXEEXT_FALSE=''
am__EXEEXT_TRUE='#'
am__fastdepCC_FALSE='#'
am__fastdepCC_TRUE=''
am__fastdepCXX_FALSE='#'
am__fastdepCXX_TRUE=''
am__include='include'
am__isrc=''
am__leading_dot='.'
am__quote=''
am__tar='${AMTAR} chof - "$$tardir"'
am__untar='${AMTAR} xf -'
bindir='${exec_prefix}/bin'
build_alias=''
datadir='${datarootdir}'
datarootdir='${prefix}/share'
docdir='${datarootdir}/doc/${PACKAGE_TARNAME}'
dvidir='${docdir}'
exec_prefix='${prefix}'
host_alias=''
htmldir='${docdir}'
includedir='${prefix}/include'
infodir='${datarootdir}/info'
install_sh='${SHELL} /home/whao/git/terastructure/install-sh'
libdir='${exec_prefix}/lib'
libexecdir='${exec_prefix}/libexec'
localedir='${datarootdir}/locale'
localstatedir='${prefix}/var'
mandir='${datarootdir}/man'
mkdir_p='/bin/mkdir -p'
oldincludedir='/usr/include'
pdfdir='${docdir}'
prefix='/usr/local'
program_transform_name='s,x,x,'
psdir='${docdir}'
sbindir='${exec_prefix}/sbin'
sharedstatedir='${prefix}/com'
sysconfdir='${prefix}/etc'
target_alias=''

## ----------- ##
## confdefs.h. ##
## ----------- ##

#define PACKAGE_NAME "terastructure"
#define PACKAGE_TARNAME "terastructure"
#define PACKAGE_VERSION "0.1"
#define PACKAGE_STRING "terastructure 0.1"
#define PACKAGE_BUGREPORT "pgopalan@cs.princeton.edu"
#define PACKAGE "terastructure"
#define VERSION "0.1"
#define HAVE_LIBGSLCBLAS 1
#define HAVE_LIBPTHREAD 1
#define HAVE_LIBGSL 1
#define STDC_HEADERS 1
#define HAVE_SYS_TYPES_H 1
#define HAVE_SYS_STAT_H 1
#define HAVE_STDLIB_H 1
#define HAVE_STRING_H 1
#define HAVE_MEMORY_H 1
#define HAVE_STRINGS_H 1
#define HAVE_INTTYPES_H 1
#define HAVE_STDINT_H 1
#define HAVE_UNISTD_H 1
#define HAVE_STDINT_H 1
#define HAVE_STDLIB_H 1
#define HAVE_STRING_H 1
#define HAVE_SYS_FILE_H 1
#define HAVE_SYS_TIME_H 1
#define HAVE_UNISTD_H 1
#define HAVE__BOOL 1
#define HAVE_STDBOOL_H 1
#define HAVE_STDLIB_H 1
#define HAVE_MALLOC 1
#define HAVE_GETTIMEOFDAY 1
#define HAVE_LOCALTIME_R 1
#define HAVE_MEMSET 1
#define HAVE_MKDIR 1
#define HAVE_POW 1
#define HAVE_SQRT 1
#define HAVE_STRERROR 1
#define HAVE_STRTOL 1

configure: exit 0

## ---------------------- ##
## Running config.status. ##
## ---------------------- ##

This file was extended by terastructure config.status 0.1, which was
generated by GNU Autoconf 2.63.  Invocation command line was

  CONFIG_FILES    = 
  CONFIG_HEADERS  = 
  CONFIG_LINKS    = 
  CONFIG_COMMANDS = 
  $ ./config.status src/Makefile depfiles

on hex.princeton.edu

config.status:706: creating src/Makefile
config.status:917: executing depfiles commands
